<?xml version="1.0" encoding="UTF-8"?>
<!-- Generated by org.testng.reporters.JUnitReportReporter -->
<testsuite skipped="0" hostname="DESKTOP-P9O646S" name="AutoITAuthDemo" tests="1" failures="0" timestamp="06 Jan 2019 04:02:07 GMT" time="3.351" errors="0">
  <testcase name="handleAuthenticationon" time="3.351" classname="AutoITAuthDemo"/>
</testsuite> <!-- AutoITAuthDemo -->
