<?xml version="1.0" encoding="UTF-8"?>
<!-- Generated by org.testng.reporters.JUnitReportReporter -->
<testsuite skipped="0" hostname="DESKTOP-P9O646S" name="testngdemo.NewTest1" tests="6" failures="0" timestamp="05 Jan 2019 08:52:29 GMT" time="5.983" errors="0">
  <testcase name="testMethod6" time="0.596" classname="testngdemo.NewTest1"/>
  <testcase name="testMethod4" time="0.634" classname="testngdemo.NewTest1"/>
  <testcase name="testMethod3" time="0.699" classname="testngdemo.NewTest1"/>
  <testcase name="testMethod1" time="2.795" classname="testngdemo.NewTest1"/>
  <testcase name="testMethod2" time="0.636" classname="testngdemo.NewTest1"/>
  <testcase name="testMethod5" time="0.623" classname="testngdemo.NewTest1"/>
</testsuite> <!-- testngdemo.NewTest1 -->
