<?xml version="1.0" encoding="UTF-8"?>
<!-- Generated by org.testng.reporters.JUnitReportReporter -->
<testsuite skipped="0" hostname="DESKTOP-P9O646S" name="AutoITDemo" tests="1" failures="0" timestamp="06 Jan 2019 03:21:50 GMT" time="36.629" errors="0">
  <testcase name="fileUpload" time="36.629" classname="AutoITDemo"/>
</testsuite> <!-- AutoITDemo -->
