<?xml version="1.0" encoding="UTF-8"?>
<!-- Generated by org.testng.reporters.JUnitReportReporter -->
<testsuite skipped="0" hostname="DESKTOP-P9O646S" name="performancetesting.SearchPageTestng" tests="1" failures="0" timestamp="12 Jan 2019 00:52:00 GMT" time="45.069" errors="0">
  <testcase name="test" time="45.069" classname="performancetesting.SearchPageTestng"/>
</testsuite> <!-- performancetesting.SearchPageTestng -->
