<?xml version="1.0" encoding="UTF-8"?>
<!-- Generated by org.testng.reporters.JUnitReportReporter -->
<testsuite skipped="0" hostname="DESKTOP-P9O646S" name="AutoITBasicDemo" tests="1" failures="0" timestamp="09 Jan 2019 02:46:13 GMT" time="42.238" errors="0">
  <testcase name="fileUpload" time="42.238" classname="AutoITBasicDemo"/>
</testsuite> <!-- AutoITBasicDemo -->
