<?xml version="1.0" encoding="UTF-8"?>
<!-- Generated by org.testng.reporters.JUnitReportReporter -->
<testsuite skipped="0" hostname="DESKTOP-P9O646S" name="database.testng.MySQLDBTest" tests="1" failures="0" timestamp="11 Jan 2019 23:43:39 GMT" time="0.037" errors="0">
  <testcase name="f" time="0.037" classname="database.testng.MySQLDBTest"/>
</testsuite> <!-- database.testng.MySQLDBTest -->
