<?xml version="1.0" encoding="UTF-8"?>
<!-- Generated by org.testng.reporters.JUnitReportReporter -->
<testsuite skipped="0" hostname="DESKTOP-P9O646S" name="testngdemo.NewTest" tests="2" failures="0" timestamp="23 Dec 2018 21:33:03 GMT" time="0.022" errors="0">
  <testcase name="testMethod2" time="0.006" classname="testngdemo.NewTest"/>
  <testcase name="testMethod1" time="0.016" classname="testngdemo.NewTest"/>
</testsuite> <!-- testngdemo.NewTest -->
