<?xml version="1.0" encoding="UTF-8"?>
<!-- Generated by org.testng.reporters.JUnitReportReporter -->
<testsuite skipped="0" hostname="DESKTOP-P9O646S" name="database.testng.MyMongoDBTest" tests="1" failures="0" timestamp="12 Jan 2019 00:11:21 GMT" time="0.022" errors="0">
  <testcase name="f" time="0.022" classname="database.testng.MyMongoDBTest"/>
</testsuite> <!-- database.testng.MyMongoDBTest -->
