<?xml version="1.0" encoding="UTF-8"?>
<!-- Generated by org.testng.reporters.JUnitReportReporter -->
<testsuite skipped="1" hostname="DESKTOP-P9O646S" name="testngdemo.NewTest2" tests="7" failures="0" timestamp="05 Jan 2019 08:52:29 GMT" time="0.241" errors="0">
  <testcase name="testMethod6" time="0.004" classname="testngdemo.NewTest2"/>
  <testcase name="testMethod7" time="0.004" classname="testngdemo.NewTest2"/>
  <testcase name="testMethod2" time="0.004" classname="testngdemo.NewTest2"/>
  <testcase name="testMethod5" time="0.004" classname="testngdemo.NewTest2"/>
  <testcase name="testMethod3" time="0.222" classname="testngdemo.NewTest2"/>
  <testcase name="testMethod1" time="0.003" classname="testngdemo.NewTest2"/>
  <testcase name="testMethod4" classname="testngdemo.NewTest2">
    <skipped/>
  </testcase> <!-- testMethod4 -->
</testsuite> <!-- testngdemo.NewTest2 -->
