<?xml version="1.0" encoding="UTF-8"?>
<!-- Generated by org.testng.reporters.JUnitReportReporter -->
<testsuite skipped="0" hostname="DESKTOP-P9O646S" name="FileUploadUsingRobot" tests="1" failures="0" timestamp="06 Jan 2019 00:29:15 GMT" time="38.277" errors="0">
  <testcase name="fileUpload" time="38.277" classname="FileUploadUsingRobot"/>
</testsuite> <!-- FileUploadUsingRobot -->
